<?xml version="1.0" encoding="UTF-8"?>
<testng-results ignored="0" total="1" passed="1" failed="0" skipped="0">
  <reporter-output>
  </reporter-output>
  <suite started-at="2023-10-30T16:17:41 PDT" name="Default suite" finished-at="2023-10-30T16:17:42 PDT" duration-ms="1382">
    <groups>
    </groups>
    <test started-at="2023-10-30T16:17:41 PDT" name="Default test" finished-at="2023-10-30T16:17:42 PDT" duration-ms="1382">
      <class name="log4j.LoggerTest">
        <test-method signature="test01()[pri:0, instance:log4j.LoggerTest@7b98f307]" started-at="2023-10-30T16:17:41 PDT" name="test01" finished-at="2023-10-30T16:17:42 PDT" duration-ms="1270" status="PASS">
          <reporter-output>
          </reporter-output>
        </test-method> <!-- test01 -->
      </class> <!-- log4j.LoggerTest -->
    </test> <!-- Default test -->
  </suite> <!-- Default suite -->
</testng-results>
